<?xml version="1.0" encoding="UTF-8"?>
<!-- Generated by org.testng.reporters.JUnitReportReporter -->
<testsuite hostname="DESKTOP-288RU1L" failures="0" tests="2" name="ToDoCartTests.LoginPageTest" time="0.006" errors="0" timestamp="2022-02-04T21:25:58 EET" skipped="0">
  <testcase classname="ToDoCartTests.LoginPageTest" name="Verify_Entering_Valid_Email" time="0.004"/>
  <system-out/>
  <testcase classname="ToDoCartTests.LoginPageTest" name="Verify_Entering_Valid_Password" time="0.002"/>
  <system-out/>
</testsuite> <!-- ToDoCartTests.LoginPageTest -->
