<?xml version="1.0" encoding="UTF-8"?>
<!-- Generated by org.testng.reporters.JUnitReportReporter -->
<testsuite hostname="DESKTOP-288RU1L" failures="0" tests="1" name="Appium.RunApplicationOnAndroid" time="0.059" errors="0" timestamp="2022-02-02T13:15:39 EET" skipped="0">
  <testcase classname="Appium.RunApplicationOnAndroid" name="openWebApplication" time="0.059"/>
  <system-out/>
</testsuite> <!-- Appium.RunApplicationOnAndroid -->
