<?xml version="1.0" encoding="UTF-8"?>
<!-- Generated by org.testng.reporters.JUnitReportReporter -->
<testsuite hostname="DESKTOP-288RU1L" failures="0" tests="1" name="ToDoCartTests.AddNewTaskTest" time="0.004" errors="0" timestamp="2022-02-04T21:25:58 EET" skipped="0">
  <testcase classname="ToDoCartTests.AddNewTaskTest" name="Verify_Adding_New_Task" time="0.004"/>
  <system-out/>
</testsuite> <!-- ToDoCartTests.AddNewTaskTest -->
