<?xml version="1.0" encoding="UTF-8"?>
<!-- Generated by org.testng.reporters.JUnitReportReporter -->
<testsuite hostname="DESKTOP-288RU1L" failures="0" tests="3" name="ToDoCartTests.TaskListTest" time="0.017" errors="0" timestamp="2022-02-04T21:39:09 EET" skipped="0">
  <testcase classname="ToDoCartTests.TaskListTest" name="TC_002_Verify_Completing_Of_Task" time="0.004"/>
  <system-out/>
  <testcase classname="ToDoCartTests.TaskListTest" name="TC_001_Verify_Existing_Of_Task_List" time="0.011"/>
  <system-out/>
  <testcase classname="ToDoCartTests.TaskListTest" name="Verify_LogOut" time="0.002"/>
  <system-out/>
</testsuite> <!-- ToDoCartTests.TaskListTest -->
