<?xml version="1.0" encoding="UTF-8"?>
<!-- Generated by org.testng.reporters.JUnitReportReporter -->
<testsuite hostname="DESKTOP-288RU1L" failures="0" tests="1" name="com.qacart.base.Base" time="18.387" errors="0" timestamp="2022-02-06T13:15:42 EET" skipped="0">
  <testcase classname="com.qacart.base.Base" name="beforeClass" time="18.387"/>
  <system-out/>
</testsuite> <!-- com.qacart.base.Base -->
