<?xml version="1.0" encoding="UTF-8"?>
<!-- Generated by org.testng.reporters.JUnitReportReporter -->
<testsuite hostname="DESKTOP-288RU1L" failures="0" tests="1" name="Appium.RunOnMyRealDevice" time="39.267" errors="0" timestamp="2022-02-06T09:52:08 EET" skipped="0">
  <testcase classname="Appium.RunOnMyRealDevice" name="setUp" time="39.267"/>
  <system-out/>
</testsuite> <!-- Appium.RunOnMyRealDevice -->
