<?xml version="1.0" encoding="UTF-8"?>
<!-- Generated by org.testng.reporters.JUnitReportReporter -->
<testsuite hostname="DESKTOP-288RU1L" failures="0" tests="4" name="ToDoCartTests.SignUpTest" time="0.025" errors="0" timestamp="2022-02-04T21:25:58 EET" skipped="0">
  <testcase classname="ToDoCartTests.SignUpTest" name="Verify_Adding_Valid_Email" time="0.013"/>
  <system-out/>
  <testcase classname="ToDoCartTests.SignUpTest" name="Verify_Adding_Valid_Full_Name" time="0.007"/>
  <system-out/>
  <testcase classname="ToDoCartTests.SignUpTest" name="Verify_CLicking_On_SignUp_Button" time="0.003"/>
  <system-out/>
  <testcase classname="ToDoCartTests.SignUpTest" name="Verify_adding_Valid_Password" time="0.002"/>
  <system-out/>
</testsuite> <!-- ToDoCartTests.SignUpTest -->
