<?xml version="1.0" encoding="UTF-8"?>
<!-- Generated by org.testng.reporters.JUnitReportReporter -->
<testsuite hostname="DESKTOP-288RU1L" failures="0" tests="1" name="Appium.MobileCallApp" time="30.567" errors="0" timestamp="2022-02-03T14:51:08 EET" skipped="0">
  <testcase classname="Appium.MobileCallApp" name="ActionsOnApp" time="30.567"/>
  <system-out/>
</testsuite> <!-- Appium.MobileCallApp -->
